<?xml version="1.0" encoding="UTF-8"?>
<!-- Generated by org.testng.reporters.JUnitXMLReporter -->
<testsuite ignored="0" hostname="INLPF3L84Z0" failures="0" tests="4" name="Test" time="5.145" errors="0" timestamp="2023-07-31T23:44:47 IST">
  <testcase classname="day8.CreateUser" name="test_CreateUser" time="4.158"/>
  <testcase classname="day8.GetUser" name="test_GetUser" time="0.398"/>
  <testcase classname="day8.UpdateUser" name="test_UpdateUser" time="0.319"/>
  <testcase classname="day8.DeleteUser" name="test_DeleteUser" time="0.21"/>
</testsuite> <!-- Test -->
