<?xml version="1.0" encoding="UTF-8"?>
<testng-results ignored="0" total="4" passed="4" failed="0" skipped="0">
  <reporter-output>
  </reporter-output>
  <suite started-at="2023-07-31T23:44:42 IST" name="Suite" finished-at="2023-07-31T23:44:47 IST" duration-ms="5145">
    <groups>
    </groups>
    <test started-at="2023-07-31T23:44:42 IST" name="Test" finished-at="2023-07-31T23:44:47 IST" duration-ms="5145">
      <class name="day8.UpdateUser">
        <test-method signature="test_UpdateUser(org.testng.ITestContext)[pri:0, instance:day8.UpdateUser@5f049ea1]" started-at="2023-07-31T23:44:46 IST" name="test_UpdateUser" finished-at="2023-07-31T23:44:46 IST" duration-ms="319" status="PASS">
          <params>
            <param index="0">
              <value>
                <![CDATA[org.testng.TestRunner@61710c6]]>
              </value>
            </param>
          </params>
          <reporter-output>
          </reporter-output>
        </test-method> <!-- test_UpdateUser -->
      </class> <!-- day8.UpdateUser -->
      <class name="day8.CreateUser">
        <test-method signature="test_CreateUser(org.testng.ITestContext)[pri:0, instance:day8.CreateUser@74e28667]" started-at="2023-07-31T23:44:42 IST" name="test_CreateUser" finished-at="2023-07-31T23:44:46 IST" duration-ms="4158" status="PASS">
          <params>
            <param index="0">
              <value>
                <![CDATA[org.testng.TestRunner@61710c6]]>
              </value>
            </param>
          </params>
          <reporter-output>
          </reporter-output>
        </test-method> <!-- test_CreateUser -->
      </class> <!-- day8.CreateUser -->
      <class name="day8.DeleteUser">
        <test-method signature="test_DeleteUser(org.testng.ITestContext)[pri:0, instance:day8.DeleteUser@72cc7e6f]" started-at="2023-07-31T23:44:46 IST" name="test_DeleteUser" finished-at="2023-07-31T23:44:47 IST" duration-ms="210" status="PASS">
          <params>
            <param index="0">
              <value>
                <![CDATA[org.testng.TestRunner@61710c6]]>
              </value>
            </param>
          </params>
          <reporter-output>
          </reporter-output>
        </test-method> <!-- test_DeleteUser -->
      </class> <!-- day8.DeleteUser -->
      <class name="day8.GetUser">
        <test-method signature="test_GetUser(org.testng.ITestContext)[pri:0, instance:day8.GetUser@3f191845]" started-at="2023-07-31T23:44:46 IST" name="test_GetUser" finished-at="2023-07-31T23:44:46 IST" duration-ms="398" status="PASS">
          <params>
            <param index="0">
              <value>
                <![CDATA[org.testng.TestRunner@61710c6]]>
              </value>
            </param>
          </params>
          <reporter-output>
          </reporter-output>
        </test-method> <!-- test_GetUser -->
      </class> <!-- day8.GetUser -->
    </test> <!-- Test -->
  </suite> <!-- Suite -->
</testng-results>
